app/build/intermediates/manifest_merge_blame_file/JuFuPayGr1Debug/manifest-merger-blame-JuFuPayGr1-debug-report.txt
1<?xml version="1.0" encoding="utf-8"?>
2<manifest xmlns:android="http://schemas.android.com/apk/res/android"
3    package="com.jingyu.pay"
4    android:versionCode="2"
5    android:versionName="1.0.2" >
6
7    <uses-sdk
7-->src/main/AndroidManifest.xml:12:5-14:41
8        android:minSdkVersion="24"
8-->src/main/AndroidManifest.xml:13:9-35
9        android:targetSdkVersion="30" />
9-->src/main/AndroidManifest.xml:14:9-38
10
11    <uses-permission android:name="android.permission.SET_TIME_ZONE" />
11-->src/main/AndroidManifest.xml:15:5-16:47
11-->src/main/AndroidManifest.xml:15:22-69
12    <uses-permission android:name="android.permission.REQUEST_INSTALL_PACKAGES" />
12-->src/main/AndroidManifest.xml:18:5-82
12-->src/main/AndroidManifest.xml:18:22-80
13    <uses-permission android:name="android.permission.CAMERA" />
13-->src/main/AndroidManifest.xml:20:5-65
13-->src/main/AndroidManifest.xml:20:22-62
14    <uses-permission android:name="android.permission.FOREGROUND_SERVICE" />
14-->src/main/AndroidManifest.xml:21:5-77
14-->src/main/AndroidManifest.xml:21:22-74
15    <uses-permission android:name="android.permission.READ_PRIVILEGED_PHONE_STATE" />
15-->src/main/AndroidManifest.xml:22:5-23:47
15-->src/main/AndroidManifest.xml:22:22-83
16    <uses-permission android:name="android.permission.RECEIVE_SMS" />
16-->src/main/AndroidManifest.xml:24:5-70
16-->src/main/AndroidManifest.xml:24:22-67
17    <uses-permission android:name="android.permission.READ_SMS" />
17-->src/main/AndroidManifest.xml:25:5-67
17-->src/main/AndroidManifest.xml:25:22-64
18    <uses-permission android:name="android.permission.READ_PHONE_STATE" />
18-->src/main/AndroidManifest.xml:26:5-75
18-->src/main/AndroidManifest.xml:26:22-72
19    <uses-permission android:name="android.permission.SYSTEM_ALERT_WINDOW" />
19-->src/main/AndroidManifest.xml:27:5-78
19-->src/main/AndroidManifest.xml:27:22-75
20    <uses-permission android:name="android.permission.BIND_ACCESSIBILITY_SERVICE" />
20-->src/main/AndroidManifest.xml:28:5-30:47
20-->src/main/AndroidManifest.xml:29:9-69
21    <uses-permission android:name="android.permission.WRITE_EXTERNAL_STORAGE" />
21-->src/main/AndroidManifest.xml:31:5-81
21-->src/main/AndroidManifest.xml:31:22-78
22    <uses-permission android:name="android.permission.READ_EXTERNAL_STORAGE" />
22-->src/main/AndroidManifest.xml:32:5-80
22-->src/main/AndroidManifest.xml:32:22-77
23    <uses-permission android:name="android.permission.ACCESS_SUPERUSER" />
23-->src/main/AndroidManifest.xml:33:5-75
23-->src/main/AndroidManifest.xml:33:22-72
24    <uses-permission android:name="android.permission.WAKE_LOCK" />
24-->src/main/AndroidManifest.xml:34:5-68
24-->src/main/AndroidManifest.xml:34:22-65
25    <uses-permission android:name="android.permission.DISABLE_KEYGUARD" />
25-->src/main/AndroidManifest.xml:35:5-75
25-->src/main/AndroidManifest.xml:35:22-72
26    <uses-permission android:name="android.permission.GET_TASKS" />
26-->src/main/AndroidManifest.xml:36:5-68
26-->src/main/AndroidManifest.xml:36:22-65
27    <uses-permission android:name="android.permission.INTERNET" />
27-->src/main/AndroidManifest.xml:37:5-67
27-->src/main/AndroidManifest.xml:37:22-64
28    <uses-permission android:name="android.permission.ACCESS_NETWORK_STATE" />
28-->src/main/AndroidManifest.xml:38:5-79
28-->src/main/AndroidManifest.xml:38:22-76
29    <uses-permission android:name="android.permission.ACCESS_WIFI_STATE" />
29-->src/main/AndroidManifest.xml:39:5-76
29-->src/main/AndroidManifest.xml:39:22-73
30    <uses-permission android:name="android.permission.ACCESS_FINE_LOCATION" />
30-->src/main/AndroidManifest.xml:40:5-79
30-->src/main/AndroidManifest.xml:40:22-76
31    <uses-permission android:name="android.permission.READ_LOGS" />
31-->src/main/AndroidManifest.xml:41:5-43:47
31-->src/main/AndroidManifest.xml:42:9-52
32    <uses-permission android:name="android.permission.REQUEST_IGNORE_BATTERY_OPTIMIZATIONS" />
32-->src/main/AndroidManifest.xml:44:5-95
32-->src/main/AndroidManifest.xml:44:22-92
33    <uses-permission android:name="com.google.android.gms.permission.AD_ID" />
33-->[com.google.android.gms:play-services-measurement-api:21.1.1] AndroidManifest.xml:25:5-79
33-->[com.google.android.gms:play-services-measurement-api:21.1.1] AndroidManifest.xml:25:22-76
34    <uses-permission android:name="com.google.android.finsky.permission.BIND_GET_INSTALL_REFERRER_SERVICE" />
34-->[com.google.android.gms:play-services-measurement:21.1.1] AndroidManifest.xml:26:5-110
34-->[com.google.android.gms:play-services-measurement:21.1.1] AndroidManifest.xml:26:22-107
35
36    <application
36-->src/main/AndroidManifest.xml:46:5-323:19
37        android:name="com.tools.payhelper.CustomApplcation"
37-->src/main/AndroidManifest.xml:49:9-41
38        android:allowBackup="true"
38-->src/main/AndroidManifest.xml:50:9-35
39        android:appComponentFactory="androidx.core.app.CoreComponentFactory"
39-->[androidx.core:core:1.5.0] AndroidManifest.xml:24:18-86
40        android:debuggable="true"
41        android:extractNativeLibs="false"
42        android:hardwareAccelerated="true"
42-->src/main/AndroidManifest.xml:48:9-43
43        android:icon="@drawable/favicon"
43-->src/main/AndroidManifest.xml:51:9-41
44        android:label="@string/app_name"
44-->src/main/AndroidManifest.xml:52:9-41
45        android:networkSecurityConfig="@xml/network_security_config"
45-->src/main/AndroidManifest.xml:53:9-69
46        android:requestLegacyExternalStorage="true"
46-->src/main/AndroidManifest.xml:47:9-52
47        android:supportsRtl="true"
47-->[ch.ielse:switchbutton:1.0.1] AndroidManifest.xml:13:9-35
48        android:theme="@style/Theme.JingyuPay"
48-->src/main/AndroidManifest.xml:54:9-47
49        android:usesCleartextTraffic="true" >
49-->src/main/AndroidManifest.xml:55:9-44
50
51        <!-- <activity -->
52        <!-- android:name=".ui.login.DetailActivity" -->
53        <!-- android:exported="true" -->
54        <!-- android:label="@string/title_activity_home" -->
55        <!-- android:launchMode="singleInstance" -->
56        <!-- android:screenOrientation="portrait" -->
57        <!-- android:theme="@style/AppTheme.NoActionBar" -->
58        <!-- android:windowSoftInputMode="adjustPan|adjustUnspecified|stateHidden"> -->
59        <!-- <meta-data -->
60        <!-- android:name="android.app.lib_name" -->
61        <!-- android:value="" /> -->
62
63
64        <!-- </activity> -->
65        <!-- <activity -->
66        <!-- android:name=".ui.login.UserLoginActivity" -->
67        <!-- android:exported="true" -->
68        <!-- android:label="@string/app_name" -->
69        <!-- android:launchMode="singleInstance" -->
70        <!-- android:screenOrientation="portrait" -->
71        <!-- android:theme="@style/Theme.AppCompat.Light.NoActionBar.FullScreen" -->
72        <!-- android:windowSoftInputMode="adjustPan|adjustUnspecified|stateHidden"> -->
73
74
75        <!-- </activity> -->
76
77        <activity
77-->src/main/AndroidManifest.xml:84:9-103:20
78            android:name="com.tools.payhelper.Main22Activity"
78-->src/main/AndroidManifest.xml:85:13-43
79            android:exported="true"
79-->src/main/AndroidManifest.xml:86:13-36
80            android:label="@string/app_name"
80-->src/main/AndroidManifest.xml:87:13-45
81            android:launchMode="singleInstance"
81-->src/main/AndroidManifest.xml:88:13-48
82            android:screenOrientation="portrait"
82-->src/main/AndroidManifest.xml:89:13-49
83            android:theme="@style/Theme.AppCompat.Light.NoActionBar.FullScreen"
83-->src/main/AndroidManifest.xml:90:13-80
84            android:windowSoftInputMode="adjustPan|adjustUnspecified|stateHidden" >
84-->src/main/AndroidManifest.xml:91:13-82
85
86            <!-- <intent-filter> -->
87            <!-- <action android:name="android.intent.action.MAIN" /> -->
88
89
90            <!-- <category android:name="android.intent.category.LAUNCHER" /> -->
91            <!-- </intent-filter> -->
92
93        </activity>
94
95        <service
95-->src/main/AndroidManifest.xml:105:9-109:49
96            android:name="com.tools.payhelper.DaemonService"
96-->src/main/AndroidManifest.xml:106:13-42
97            android:enabled="true"
97-->src/main/AndroidManifest.xml:107:13-35
98            android:exported="false"
98-->src/main/AndroidManifest.xml:108:13-37
99            android:process=":daemon_service" />
99-->src/main/AndroidManifest.xml:109:13-46
100
101        <provider
102            android:name="androidx.core.content.FileProvider"
102-->src/main/AndroidManifest.xml:112:13-62
103            android:authorities="com.jingyu.pay.fileProvider"
103-->src/main/AndroidManifest.xml:113:13-64
104            android:exported="false"
104-->src/main/AndroidManifest.xml:114:13-37
105            android:grantUriPermissions="true" >
105-->src/main/AndroidManifest.xml:115:13-47
106            <meta-data
106-->src/main/AndroidManifest.xml:116:13-118:54
107                android:name="android.support.FILE_PROVIDER_PATHS"
107-->src/main/AndroidManifest.xml:117:17-67
108                android:resource="@xml/file_paths" />
108-->src/main/AndroidManifest.xml:118:17-51
109        </provider>
110
111        <service
111-->src/main/AndroidManifest.xml:121:9-129:19
112            android:name="com.tools.payhelper.WechatNotificationListenerService"
112-->src/main/AndroidManifest.xml:122:13-62
113            android:enabled="true"
113-->src/main/AndroidManifest.xml:123:13-35
114            android:label="@string/app_name"
114-->src/main/AndroidManifest.xml:124:13-45
115            android:permission="android.permission.BIND_NOTIFICATION_LISTENER_SERVICE" >
115-->src/main/AndroidManifest.xml:125:13-87
116            <intent-filter>
116-->src/main/AndroidManifest.xml:126:13-128:29
117                <action android:name="android.service.notification.NotificationListenerService" />
117-->src/main/AndroidManifest.xml:127:17-99
117-->src/main/AndroidManifest.xml:127:25-96
118            </intent-filter>
119        </service>
120
121        <!-- <receiver -->
122        <!-- android:name=".ui.NotificationClickReceiver"> -->
123        <!-- <intent-filter> -->
124        <!-- <action android:name="android.intent.action.ACTION_POWER_CONNECTED" /> -->
125        <!-- </intent-filter> -->
126        <!-- </receiver> -->
127
128
129        <!-- <activity -->
130        <!-- android:name=".wechat.WechatActivity" -->
131        <!-- android:exported="true" -->
132        <!-- android:label="@string/app_name" -->
133        <!-- android:launchMode="singleInstance" -->
134        <!-- android:screenOrientation="portrait" -->
135        <!-- android:theme="@android:style/Theme.Light.NoTitleBar" -->
136        <!-- android:windowSoftInputMode="adjustPan|adjustUnspecified|stateHidden"> -->
137
138
139        <!-- <intent-filter> -->
140        <!-- <action android:name="android.intent.action.MAIN" /> -->
141
142
143        <!-- <category android:name="android.intent.category.LAUNCHER" /> -->
144        <!-- </intent-filter> -->
145        <!-- </activity> -->
146        <activity
146-->src/main/AndroidManifest.xml:155:9-162:20
147            android:name="com.jingyu.pay.ui.group.ReportDayActivity"
147-->src/main/AndroidManifest.xml:157:13-69
148            android:exported="false"
148-->src/main/AndroidManifest.xml:158:13-37
149            android:screenOrientation="portrait" >
149-->src/main/AndroidManifest.xml:156:13-49
150            <meta-data
150-->src/main/AndroidManifest.xml:159:13-161:36
151                android:name="android.app.lib_name"
151-->src/main/AndroidManifest.xml:160:17-52
152                android:value="" />
152-->src/main/AndroidManifest.xml:161:17-33
153        </activity>
154        <activity
154-->src/main/AndroidManifest.xml:163:9-171:20
155            android:name="com.jingyu.pay.ui.bankcard.BankCardListActivity"
155-->src/main/AndroidManifest.xml:166:13-75
156            android:exported="false"
156-->src/main/AndroidManifest.xml:167:13-37
157            android:screenOrientation="portrait" >
157-->src/main/AndroidManifest.xml:164:13-49
158            <meta-data
158-->src/main/AndroidManifest.xml:159:13-161:36
159                android:name="android.app.lib_name"
159-->src/main/AndroidManifest.xml:160:17-52
160                android:value="" />
160-->src/main/AndroidManifest.xml:161:17-33
161        </activity>
162        <activity
162-->src/main/AndroidManifest.xml:172:9-181:20
163            android:name="com.jingyu.pay.ui.group.GroupReportActivity"
163-->src/main/AndroidManifest.xml:175:13-71
164            android:exported="false"
164-->src/main/AndroidManifest.xml:176:13-37
165            android:screenOrientation="portrait"
165-->src/main/AndroidManifest.xml:173:13-49
166            android:theme="@style/Theme.JingyuPay.NoActionBar" >
166-->src/main/AndroidManifest.xml:177:13-63
167            <meta-data
167-->src/main/AndroidManifest.xml:159:13-161:36
168                android:name="android.app.lib_name"
168-->src/main/AndroidManifest.xml:160:17-52
169                android:value="" />
169-->src/main/AndroidManifest.xml:161:17-33
170        </activity>
171        <activity
171-->src/main/AndroidManifest.xml:182:9-191:20
172            android:name="com.jingyu.pay.ui.group.GroupReportTeamActivity"
172-->src/main/AndroidManifest.xml:185:13-75
173            android:exported="false"
173-->src/main/AndroidManifest.xml:186:13-37
174            android:screenOrientation="portrait"
174-->src/main/AndroidManifest.xml:183:13-49
175            android:theme="@style/Theme.JingyuPay.NoActionBar" >
175-->src/main/AndroidManifest.xml:187:13-63
176            <meta-data
176-->src/main/AndroidManifest.xml:159:13-161:36
177                android:name="android.app.lib_name"
177-->src/main/AndroidManifest.xml:160:17-52
178                android:value="" />
178-->src/main/AndroidManifest.xml:161:17-33
179        </activity>
180        <activity
180-->src/main/AndroidManifest.xml:192:9-200:20
181            android:name="com.jingyu.pay.ui.group.GroupListctivity"
181-->src/main/AndroidManifest.xml:195:13-68
182            android:exported="false"
182-->src/main/AndroidManifest.xml:196:13-37
183            android:screenOrientation="portrait" >
183-->src/main/AndroidManifest.xml:193:13-49
184            <meta-data
184-->src/main/AndroidManifest.xml:159:13-161:36
185                android:name="android.app.lib_name"
185-->src/main/AndroidManifest.xml:160:17-52
186                android:value="" />
186-->src/main/AndroidManifest.xml:161:17-33
187        </activity>
188        <activity
188-->src/main/AndroidManifest.xml:201:9-209:20
189            android:name="com.jingyu.pay.ui.transaction.TransactionActivity"
189-->src/main/AndroidManifest.xml:204:13-77
190            android:exported="false"
190-->src/main/AndroidManifest.xml:205:13-37
191            android:screenOrientation="portrait" >
191-->src/main/AndroidManifest.xml:202:13-49
192            <meta-data
192-->src/main/AndroidManifest.xml:159:13-161:36
193                android:name="android.app.lib_name"
193-->src/main/AndroidManifest.xml:160:17-52
194                android:value="" />
194-->src/main/AndroidManifest.xml:161:17-33
195        </activity>
196        <activity
196-->src/main/AndroidManifest.xml:210:9-218:20
197            android:name="com.jingyu.pay.ui.sellrecord.SellRecordActivity"
197-->src/main/AndroidManifest.xml:213:13-75
198            android:exported="false"
198-->src/main/AndroidManifest.xml:214:13-37
199            android:screenOrientation="portrait" >
199-->src/main/AndroidManifest.xml:211:13-49
200            <meta-data
200-->src/main/AndroidManifest.xml:159:13-161:36
201                android:name="android.app.lib_name"
201-->src/main/AndroidManifest.xml:160:17-52
202                android:value="" />
202-->src/main/AndroidManifest.xml:161:17-33
203        </activity>
204        <activity
204-->src/main/AndroidManifest.xml:219:9-227:20
205            android:name="com.jingyu.pay.ui.buyrecord.BuyRecordActivity"
205-->src/main/AndroidManifest.xml:222:13-73
206            android:exported="false"
206-->src/main/AndroidManifest.xml:223:13-37
207            android:screenOrientation="portrait" >
207-->src/main/AndroidManifest.xml:220:13-49
208            <meta-data
208-->src/main/AndroidManifest.xml:159:13-161:36
209                android:name="android.app.lib_name"
209-->src/main/AndroidManifest.xml:160:17-52
210                android:value="" />
210-->src/main/AndroidManifest.xml:161:17-33
211        </activity>
212        <activity
212-->src/main/AndroidManifest.xml:228:9-237:20
213            android:name="com.jingyu.pay.ui.purchasehistory.PurchaseHistoryActivity"
213-->src/main/AndroidManifest.xml:231:13-85
214            android:exported="false"
214-->src/main/AndroidManifest.xml:232:13-37
215            android:screenOrientation="portrait"
215-->src/main/AndroidManifest.xml:229:13-49
216            android:theme="@style/Theme.JingyuPay.NoActionBar" >
216-->src/main/AndroidManifest.xml:233:13-63
217            <meta-data
217-->src/main/AndroidManifest.xml:159:13-161:36
218                android:name="android.app.lib_name"
218-->src/main/AndroidManifest.xml:160:17-52
219                android:value="" />
219-->src/main/AndroidManifest.xml:161:17-33
220        </activity>
221        <activity
221-->src/main/AndroidManifest.xml:238:9-253:20
222            android:name="com.jingyu.pay.SplashActivity"
222-->src/main/AndroidManifest.xml:241:13-57
223            android:exported="true"
223-->src/main/AndroidManifest.xml:242:13-36
224            android:screenOrientation="portrait"
224-->src/main/AndroidManifest.xml:239:13-49
225            android:theme="@style/Theme.AppCompat.Light.NoActionBar.FullScreen" >
225-->src/main/AndroidManifest.xml:243:13-80
226            <intent-filter>
226-->src/main/AndroidManifest.xml:244:13-248:29
227                <action android:name="android.intent.action.MAIN" />
227-->src/main/AndroidManifest.xml:245:17-69
227-->src/main/AndroidManifest.xml:245:25-66
228
229                <category android:name="android.intent.category.LAUNCHER" />
229-->src/main/AndroidManifest.xml:247:17-77
229-->src/main/AndroidManifest.xml:247:27-74
230            </intent-filter>
231
232            <meta-data
232-->src/main/AndroidManifest.xml:159:13-161:36
233                android:name="android.app.lib_name"
233-->src/main/AndroidManifest.xml:160:17-52
234                android:value="" />
234-->src/main/AndroidManifest.xml:161:17-33
235        </activity>
236        <activity
236-->src/main/AndroidManifest.xml:254:9-263:20
237            android:name="com.jingyu.pay.ui.login.LoginActivity"
237-->src/main/AndroidManifest.xml:257:13-65
238            android:exported="false"
238-->src/main/AndroidManifest.xml:258:13-37
239            android:screenOrientation="portrait"
239-->src/main/AndroidManifest.xml:255:13-49
240            android:theme="@style/Theme.AppCompat.Light.NoActionBar.FullScreen" >
240-->src/main/AndroidManifest.xml:259:13-80
241            <meta-data
241-->src/main/AndroidManifest.xml:159:13-161:36
242                android:name="android.app.lib_name"
242-->src/main/AndroidManifest.xml:160:17-52
243                android:value="" />
243-->src/main/AndroidManifest.xml:161:17-33
244        </activity>
245        <activity
245-->src/main/AndroidManifest.xml:265:9-275:20
246            android:name="com.jingyu.pay.MainActivity"
246-->src/main/AndroidManifest.xml:268:13-55
247            android:exported="true"
247-->src/main/AndroidManifest.xml:269:13-36
248            android:label="@string/app_name"
248-->src/main/AndroidManifest.xml:270:13-45
249            android:screenOrientation="portrait"
249-->src/main/AndroidManifest.xml:266:13-49
250            android:windowSoftInputMode="adjustPan|adjustUnspecified|stateHidden" >
250-->src/main/AndroidManifest.xml:271:13-82
251            <meta-data
251-->src/main/AndroidManifest.xml:159:13-161:36
252                android:name="android.app.lib_name"
252-->src/main/AndroidManifest.xml:160:17-52
253                android:value="" />
253-->src/main/AndroidManifest.xml:161:17-33
254        </activity>
255        <activity
255-->src/main/AndroidManifest.xml:276:9-284:20
256            android:name="com.jingyu.pay.ui.accountchange.AccountChangeActivity"
256-->src/main/AndroidManifest.xml:279:13-81
257            android:exported="false"
257-->src/main/AndroidManifest.xml:280:13-37
258            android:screenOrientation="portrait" >
258-->src/main/AndroidManifest.xml:277:13-49
259            <meta-data
259-->src/main/AndroidManifest.xml:159:13-161:36
260                android:name="android.app.lib_name"
260-->src/main/AndroidManifest.xml:160:17-52
261                android:value="" />
261-->src/main/AndroidManifest.xml:161:17-33
262        </activity>
263        <activity
263-->src/main/AndroidManifest.xml:285:9-293:20
264            android:name="com.jingyu.pay.ui.password.PasswordActivity"
264-->src/main/AndroidManifest.xml:288:13-71
265            android:exported="false"
265-->src/main/AndroidManifest.xml:289:13-37
266            android:screenOrientation="portrait"
266-->src/main/AndroidManifest.xml:286:13-49
267            android:theme="@style/Theme.AppCompat.Light.NoActionBar.FullScreen" >
267-->src/main/AndroidManifest.xml:287:13-80
268            <meta-data
268-->src/main/AndroidManifest.xml:159:13-161:36
269                android:name="android.app.lib_name"
269-->src/main/AndroidManifest.xml:160:17-52
270                android:value="" />
270-->src/main/AndroidManifest.xml:161:17-33
271        </activity>
272
273        <meta-data
273-->src/main/AndroidManifest.xml:295:9-297:36
274            android:name="xposedmodule"
274-->src/main/AndroidManifest.xml:296:13-40
275            android:value="true" />
275-->src/main/AndroidManifest.xml:297:13-33
276        <meta-data
276-->src/main/AndroidManifest.xml:298:9-300:36
277            android:name="xposeddescription"
277-->src/main/AndroidManifest.xml:299:13-45
278            android:value="模块描述" />
278-->src/main/AndroidManifest.xml:300:13-33
279        <meta-data
279-->src/main/AndroidManifest.xml:301:9-303:34
280            android:name="xposedminversion"
280-->src/main/AndroidManifest.xml:302:13-44
281            android:value="54" />
281-->src/main/AndroidManifest.xml:303:13-31
282
283        <!-- <activity -->
284        <!-- android:name="com.journeyapps.barcodescanner.CaptureActivity" -->
285        <!-- android:screenOrientation="fullSensor" -->
286        <!-- tools:replace="screenOrientation" /> -->
287
288        <provider
289            android:name="androidx.core.content.FileProvider"
289-->src/main/AndroidManifest.xml:112:13-62
290            android:authorities="com.jingyu.pay.provider"
290-->src/main/AndroidManifest.xml:113:13-64
291            android:exported="false"
291-->src/main/AndroidManifest.xml:114:13-37
292            android:grantUriPermissions="true" >
292-->src/main/AndroidManifest.xml:115:13-47
293            <meta-data
293-->src/main/AndroidManifest.xml:116:13-118:54
294                android:name="android.support.FILE_PROVIDER_PATHS"
294-->src/main/AndroidManifest.xml:117:17-67
295                android:resource="@xml/provider_paths" />
295-->src/main/AndroidManifest.xml:118:17-51
296        </provider>
297
298        <service
298-->[com.google.firebase:firebase-analytics-ktx:21.1.1] AndroidManifest.xml:8:9-14:19
299            android:name="com.google.firebase.components.ComponentDiscoveryService"
299-->[com.google.firebase:firebase-analytics-ktx:21.1.1] AndroidManifest.xml:9:13-84
300            android:directBootAware="true"
300-->[com.google.firebase:firebase-common:20.1.2] AndroidManifest.xml:35:13-43
301            android:exported="false" >
301-->[com.google.firebase:firebase-analytics-ktx:21.1.1] AndroidManifest.xml:10:13-37
302            <meta-data
302-->[com.google.firebase:firebase-analytics-ktx:21.1.1] AndroidManifest.xml:11:13-13:85
303                android:name="com.google.firebase.components:com.google.firebase.analytics.ktx.FirebaseAnalyticsKtxRegistrar"
303-->[com.google.firebase:firebase-analytics-ktx:21.1.1] AndroidManifest.xml:12:17-126
304                android:value="com.google.firebase.components.ComponentRegistrar" />
304-->[com.google.firebase:firebase-analytics-ktx:21.1.1] AndroidManifest.xml:13:17-82
305            <meta-data
305-->[com.google.firebase:firebase-database:20.0.6] AndroidManifest.xml:32:13-34:85
306                android:name="com.google.firebase.components:com.google.firebase.database.DatabaseRegistrar"
306-->[com.google.firebase:firebase-database:20.0.6] AndroidManifest.xml:33:17-109
307                android:value="com.google.firebase.components.ComponentRegistrar" />
307-->[com.google.firebase:firebase-database:20.0.6] AndroidManifest.xml:34:17-82
308            <meta-data
308-->[com.google.firebase:firebase-common-ktx:20.1.2] AndroidManifest.xml:15:13-17:85
309                android:name="com.google.firebase.components:com.google.firebase.ktx.FirebaseCommonKtxRegistrar"
309-->[com.google.firebase:firebase-common-ktx:20.1.2] AndroidManifest.xml:16:17-113
310                android:value="com.google.firebase.components.ComponentRegistrar" />
310-->[com.google.firebase:firebase-common-ktx:20.1.2] AndroidManifest.xml:17:17-82
311            <meta-data
311-->[com.google.android.gms:play-services-measurement-api:21.1.1] AndroidManifest.xml:31:13-33:85
312                android:name="com.google.firebase.components:com.google.firebase.analytics.connector.internal.AnalyticsConnectorRegistrar"
312-->[com.google.android.gms:play-services-measurement-api:21.1.1] AndroidManifest.xml:32:17-139
313                android:value="com.google.firebase.components.ComponentRegistrar" />
313-->[com.google.android.gms:play-services-measurement-api:21.1.1] AndroidManifest.xml:33:17-82
314            <meta-data
314-->[com.google.firebase:firebase-installations:17.0.2] AndroidManifest.xml:18:13-20:85
315                android:name="com.google.firebase.components:com.google.firebase.installations.FirebaseInstallationsRegistrar"
315-->[com.google.firebase:firebase-installations:17.0.2] AndroidManifest.xml:19:17-127
316                android:value="com.google.firebase.components.ComponentRegistrar" />
316-->[com.google.firebase:firebase-installations:17.0.2] AndroidManifest.xml:20:17-82
317        </service>
318
319        <activity
319-->[cn.yipianfengye.android:zxing-library:2.1] AndroidManifest.xml:12:9-17:63
320            android:name="com.uuzuche.lib_zxing.activity.CaptureActivity"
320-->[cn.yipianfengye.android:zxing-library:2.1] AndroidManifest.xml:13:13-74
321            android:configChanges="orientation|keyboardHidden"
321-->[cn.yipianfengye.android:zxing-library:2.1] AndroidManifest.xml:14:13-63
322            android:screenOrientation="portrait"
322-->[cn.yipianfengye.android:zxing-library:2.1] AndroidManifest.xml:15:13-49
323            android:theme="@style/Theme.AppCompat.NoActionBar"
323-->[cn.yipianfengye.android:zxing-library:2.1] AndroidManifest.xml:16:13-63
324            android:windowSoftInputMode="stateAlwaysHidden" />
324-->[cn.yipianfengye.android:zxing-library:2.1] AndroidManifest.xml:17:13-60
325
326        <provider
326-->[com.google.firebase:firebase-common:20.1.2] AndroidManifest.xml:26:9-31:39
327            android:name="com.google.firebase.provider.FirebaseInitProvider"
327-->[com.google.firebase:firebase-common:20.1.2] AndroidManifest.xml:27:13-77
328            android:authorities="com.jingyu.pay.firebaseinitprovider"
328-->[com.google.firebase:firebase-common:20.1.2] AndroidManifest.xml:28:13-72
329            android:directBootAware="true"
329-->[com.google.firebase:firebase-common:20.1.2] AndroidManifest.xml:29:13-43
330            android:exported="false"
330-->[com.google.firebase:firebase-common:20.1.2] AndroidManifest.xml:30:13-37
331            android:initOrder="100" />
331-->[com.google.firebase:firebase-common:20.1.2] AndroidManifest.xml:31:13-36
332
333        <activity
333-->[com.google.android.gms:play-services-base:18.0.1] AndroidManifest.xml:20:9-22:45
334            android:name="com.google.android.gms.common.api.GoogleApiActivity"
334-->[com.google.android.gms:play-services-base:18.0.1] AndroidManifest.xml:20:19-85
335            android:exported="false"
335-->[com.google.android.gms:play-services-base:18.0.1] AndroidManifest.xml:22:19-43
336            android:theme="@android:style/Theme.Translucent.NoTitleBar" />
336-->[com.google.android.gms:play-services-base:18.0.1] AndroidManifest.xml:21:19-78
337
338        <receiver
338-->[com.google.android.gms:play-services-measurement:21.1.1] AndroidManifest.xml:29:9-33:20
339            android:name="com.google.android.gms.measurement.AppMeasurementReceiver"
339-->[com.google.android.gms:play-services-measurement:21.1.1] AndroidManifest.xml:30:13-85
340            android:enabled="true"
340-->[com.google.android.gms:play-services-measurement:21.1.1] AndroidManifest.xml:31:13-35
341            android:exported="false" >
341-->[com.google.android.gms:play-services-measurement:21.1.1] AndroidManifest.xml:32:13-37
342        </receiver>
343
344        <service
344-->[com.google.android.gms:play-services-measurement:21.1.1] AndroidManifest.xml:35:9-38:40
345            android:name="com.google.android.gms.measurement.AppMeasurementService"
345-->[com.google.android.gms:play-services-measurement:21.1.1] AndroidManifest.xml:36:13-84
346            android:enabled="true"
346-->[com.google.android.gms:play-services-measurement:21.1.1] AndroidManifest.xml:37:13-35
347            android:exported="false" />
347-->[com.google.android.gms:play-services-measurement:21.1.1] AndroidManifest.xml:38:13-37
348        <service
348-->[com.google.android.gms:play-services-measurement:21.1.1] AndroidManifest.xml:39:9-43:72
349            android:name="com.google.android.gms.measurement.AppMeasurementJobService"